[2019-06-02 14:04:33,753] multiqc                                            [DEBUG  ]  No MultiQC config found: /usr/local/lib/python3.6/dist-packages/multiqc_config.yaml
[2019-06-02 14:04:33,754] multiqc                                            [DEBUG  ]  No MultiQC config found: /home/ivalexander13/.multiqc_config.yaml
[2019-06-02 14:04:33,754] multiqc                                            [DEBUG  ]  No MultiQC config found: multiqc_config.yaml
[2019-06-02 14:04:33,754] multiqc                                            [DEBUG  ]  Command used: /usr/local/bin/multiqc .
[2019-06-02 14:04:35,565] multiqc                                            [DEBUG  ]  Latest MultiQC version is v1.7
[2019-06-02 14:04:35,569] multiqc                                            [INFO   ]  This is MultiQC v1.7
[2019-06-02 14:04:35,570] multiqc                                            [DEBUG  ]  Command     : /usr/local/bin/multiqc .
[2019-06-02 14:04:35,570] multiqc                                            [DEBUG  ]  Working dir : /mnt/e/GDrive/cal-extras/schaffer_lab/RNASeq-Ephrin/results/QoRTs_results
[2019-06-02 14:04:35,570] multiqc                                            [INFO   ]  Template    : default
[2019-06-02 14:04:35,570] multiqc                                            [INFO   ]  Searching '.'
[2019-06-02 14:04:35,571] multiqc                                            [DEBUG  ]  Analysing modules: custom_content, conpair, peddy, methylQA, phantompeakqualtools, qualimap, preseq, quast, qorts, rna_seqc, rsem, rseqc, busco, goleft_indexcov, disambiguate, supernova, deeptools, sargasso, verifybamid, mirtrace, happy, homer, macs2, theta2, snpeff, gatk, htseq, bcftools, featureCounts, dedup, damageprofiler, picard, prokka, samblaster, samtools, bamtools, jellyfish, vcftools, longranger, stacks, bbmap, bismark, biscuit, hicexplorer, hicup, hicpro, salmon, kallisto, slamdunk, star, hisat2, tophat, bowtie2, bowtie1, kat, leehom, adapterRemoval, clipandmerge, cutadapt, flexbar, trimmomatic, skewer, sortmerna, biobloomtools, fastq_screen, afterqc, fastp, fastqc, minionqc, clusterflow, bcl2fastq, interop, flash
[2019-06-02 14:04:35,572] multiqc                                            [DEBUG  ]  Using temporary directory for creating report: /tmp/tmp7bq2sw6l
[2019-06-02 14:04:35,678] multiqc                                            [DEBUG  ]  Ignoring file as matched an ignore pattern: QC.biotypeCounts.txt.gz
[2019-06-02 14:04:35,678] multiqc                                            [DEBUG  ]  Ignoring file as matched an ignore pattern: QC.chromCount.txt.gz
[2019-06-02 14:04:35,678] multiqc                                            [DEBUG  ]  Ignoring file as matched an ignore pattern: QC.cigarLoci.deletionCounts.all.txt.gz
[2019-06-02 14:04:35,678] multiqc                                            [DEBUG  ]  Ignoring file as matched an ignore pattern: QC.cigarLoci.deletionCounts.highCoverage.txt.gz
[2019-06-02 14:04:35,678] multiqc                                            [DEBUG  ]  Ignoring file as matched an ignore pattern: QC.cigarLoci.insertionCounts.all.txt.gz
[2019-06-02 14:04:35,679] multiqc                                            [DEBUG  ]  Ignoring file as matched an ignore pattern: QC.cigarLoci.insertionCounts.highCoverage.txt.gz
[2019-06-02 14:04:35,679] multiqc                                            [DEBUG  ]  Ignoring file as matched an ignore pattern: QC.cigarOpDistribution.byReadCycle.R1.txt.gz
[2019-06-02 14:04:35,679] multiqc                                            [DEBUG  ]  Ignoring file as matched an ignore pattern: QC.cigarOpLengths.byOp.R1.txt.gz
[2019-06-02 14:04:35,679] multiqc                                            [DEBUG  ]  Ignoring file as matched an ignore pattern: QC.exonCounts.formatted.for.DEXSeq.txt.gz
[2019-06-02 14:04:35,679] multiqc                                            [DEBUG  ]  Ignoring file as matched an ignore pattern: QC.gc.byRead.txt.gz
[2019-06-02 14:04:35,679] multiqc                                            [DEBUG  ]  Ignoring file as matched an ignore pattern: QC.gc.byRead.vsBaseCt.txt.gz
[2019-06-02 14:04:35,679] multiqc                                            [DEBUG  ]  Ignoring file as matched an ignore pattern: QC.geneBodyCoverage.by.expression.level.txt.gz
[2019-06-02 14:04:35,679] multiqc                                            [DEBUG  ]  Ignoring file as matched an ignore pattern: QC.geneBodyCoverage.byExpr.avgPct.txt.gz
[2019-06-02 14:04:35,680] multiqc                                            [DEBUG  ]  Ignoring file as matched an ignore pattern: QC.geneBodyCoverage.genewise.txt.gz
[2019-06-02 14:04:35,680] multiqc                                            [DEBUG  ]  Ignoring file as matched an ignore pattern: QC.geneCounts.formatted.for.DESeq.txt.gz
[2019-06-02 14:04:35,680] multiqc                                            [DEBUG  ]  Ignoring file as matched an ignore pattern: QC.geneCounts.txt.gz
[2019-06-02 14:04:35,802] multiqc                                            [DEBUG  ]  Ignoring file as matched an ignore pattern: QC.NVC.lead.clip.R1.txt.gz
[2019-06-02 14:04:35,802] multiqc                                            [DEBUG  ]  Ignoring file as matched an ignore pattern: QC.NVC.minus.clipping.R1.txt.gz
[2019-06-02 14:04:35,802] multiqc                                            [DEBUG  ]  Ignoring file as matched an ignore pattern: QC.NVC.raw.R1.txt.gz
[2019-06-02 14:04:35,802] multiqc                                            [DEBUG  ]  Ignoring file as matched an ignore pattern: QC.NVC.tail.clip.R1.txt.gz
[2019-06-02 14:04:35,802] multiqc                                            [DEBUG  ]  Ignoring file as matched an ignore pattern: QC.orderedChromList.txt.gz
[2019-06-02 14:04:35,858] multiqc                                            [DEBUG  ]  Ignoring file as matched an ignore pattern: QC.quals.r1.txt.gz
[2019-06-02 14:04:35,858] multiqc                                            [DEBUG  ]  Ignoring file as matched an ignore pattern: QC.readLenDist.txt.gz
[2019-06-02 14:04:35,858] multiqc                                            [DEBUG  ]  Ignoring file as matched an ignore pattern: QC.spliceJunctionAndExonCounts.forJunctionSeq.txt.gz
[2019-06-02 14:04:35,858] multiqc                                            [DEBUG  ]  Ignoring file as matched an ignore pattern: QC.spliceJunctionCounts.knownSplices.txt.gz
[2019-06-02 14:04:35,858] multiqc                                            [DEBUG  ]  Ignoring file as matched an ignore pattern: QC.spliceJunctionCounts.novelSplices.txt.gz
[2019-06-02 14:04:35,967] multiqc                                            [DEBUG  ]  Ignoring file as matched an ignore pattern: QC.biotypeCounts.txt.gz
[2019-06-02 14:04:35,967] multiqc                                            [DEBUG  ]  Ignoring file as matched an ignore pattern: QC.chromCount.txt.gz
[2019-06-02 14:04:35,967] multiqc                                            [DEBUG  ]  Ignoring file as matched an ignore pattern: QC.cigarLoci.deletionCounts.all.txt.gz
[2019-06-02 14:04:35,967] multiqc                                            [DEBUG  ]  Ignoring file as matched an ignore pattern: QC.cigarLoci.deletionCounts.highCoverage.txt.gz
[2019-06-02 14:04:35,968] multiqc                                            [DEBUG  ]  Ignoring file as matched an ignore pattern: QC.cigarLoci.insertionCounts.all.txt.gz
[2019-06-02 14:04:35,968] multiqc                                            [DEBUG  ]  Ignoring file as matched an ignore pattern: QC.cigarLoci.insertionCounts.highCoverage.txt.gz
[2019-06-02 14:04:35,968] multiqc                                            [DEBUG  ]  Ignoring file as matched an ignore pattern: QC.cigarOpDistribution.byReadCycle.R1.txt.gz
[2019-06-02 14:04:35,968] multiqc                                            [DEBUG  ]  Ignoring file as matched an ignore pattern: QC.cigarOpLengths.byOp.R1.txt.gz
[2019-06-02 14:04:35,968] multiqc                                            [DEBUG  ]  Ignoring file as matched an ignore pattern: QC.exonCounts.formatted.for.DEXSeq.txt.gz
[2019-06-02 14:04:35,968] multiqc                                            [DEBUG  ]  Ignoring file as matched an ignore pattern: QC.gc.byRead.txt.gz
[2019-06-02 14:04:35,968] multiqc                                            [DEBUG  ]  Ignoring file as matched an ignore pattern: QC.gc.byRead.vsBaseCt.txt.gz
[2019-06-02 14:04:35,968] multiqc                                            [DEBUG  ]  Ignoring file as matched an ignore pattern: QC.geneBodyCoverage.by.expression.level.txt.gz
[2019-06-02 14:04:35,969] multiqc                                            [DEBUG  ]  Ignoring file as matched an ignore pattern: QC.geneBodyCoverage.byExpr.avgPct.txt.gz
[2019-06-02 14:04:35,969] multiqc                                            [DEBUG  ]  Ignoring file as matched an ignore pattern: QC.geneBodyCoverage.genewise.txt.gz
[2019-06-02 14:04:35,969] multiqc                                            [DEBUG  ]  Ignoring file as matched an ignore pattern: QC.geneCounts.formatted.for.DESeq.txt.gz
[2019-06-02 14:04:35,969] multiqc                                            [DEBUG  ]  Ignoring file as matched an ignore pattern: QC.geneCounts.txt.gz
[2019-06-02 14:04:36,011] multiqc                                            [DEBUG  ]  Ignoring file as matched an ignore pattern: QC.NVC.lead.clip.R1.txt.gz
[2019-06-02 14:04:36,011] multiqc                                            [DEBUG  ]  Ignoring file as matched an ignore pattern: QC.NVC.minus.clipping.R1.txt.gz
[2019-06-02 14:04:36,011] multiqc                                            [DEBUG  ]  Ignoring file as matched an ignore pattern: QC.NVC.raw.R1.txt.gz
[2019-06-02 14:04:36,011] multiqc                                            [DEBUG  ]  Ignoring file as matched an ignore pattern: QC.NVC.tail.clip.R1.txt.gz
[2019-06-02 14:04:36,011] multiqc                                            [DEBUG  ]  Ignoring file as matched an ignore pattern: QC.orderedChromList.txt.gz
[2019-06-02 14:04:36,061] multiqc                                            [DEBUG  ]  Ignoring file as matched an ignore pattern: QC.quals.r1.txt.gz
[2019-06-02 14:04:36,061] multiqc                                            [DEBUG  ]  Ignoring file as matched an ignore pattern: QC.readLenDist.txt.gz
[2019-06-02 14:04:36,061] multiqc                                            [DEBUG  ]  Ignoring file as matched an ignore pattern: QC.spliceJunctionAndExonCounts.forJunctionSeq.txt.gz
[2019-06-02 14:04:36,061] multiqc                                            [DEBUG  ]  Ignoring file as matched an ignore pattern: QC.spliceJunctionCounts.knownSplices.txt.gz
[2019-06-02 14:04:36,061] multiqc                                            [DEBUG  ]  Ignoring file as matched an ignore pattern: QC.spliceJunctionCounts.novelSplices.txt.gz
[2019-06-02 14:04:36,093] multiqc                                            [DEBUG  ]  Ignoring file as matched an ignore pattern: QC.biotypeCounts.txt.gz
[2019-06-02 14:04:36,139] multiqc                                            [DEBUG  ]  Ignoring file as matched an ignore pattern: QC.chromCount.txt.gz
[2019-06-02 14:04:36,139] multiqc                                            [DEBUG  ]  Ignoring file as matched an ignore pattern: QC.cigarLoci.deletionCounts.all.txt.gz
[2019-06-02 14:04:36,139] multiqc                                            [DEBUG  ]  Ignoring file as matched an ignore pattern: QC.cigarLoci.deletionCounts.highCoverage.txt.gz
[2019-06-02 14:04:36,140] multiqc                                            [DEBUG  ]  Ignoring file as matched an ignore pattern: QC.cigarLoci.insertionCounts.all.txt.gz
[2019-06-02 14:04:36,140] multiqc                                            [DEBUG  ]  Ignoring file as matched an ignore pattern: QC.cigarLoci.insertionCounts.highCoverage.txt.gz
[2019-06-02 14:04:36,140] multiqc                                            [DEBUG  ]  Ignoring file as matched an ignore pattern: QC.cigarOpDistribution.byReadCycle.R1.txt.gz
[2019-06-02 14:04:36,140] multiqc                                            [DEBUG  ]  Ignoring file as matched an ignore pattern: QC.cigarOpLengths.byOp.R1.txt.gz
[2019-06-02 14:04:36,140] multiqc                                            [DEBUG  ]  Ignoring file as matched an ignore pattern: QC.exonCounts.formatted.for.DEXSeq.txt.gz
[2019-06-02 14:04:36,140] multiqc                                            [DEBUG  ]  Ignoring file as matched an ignore pattern: QC.gc.byRead.txt.gz
[2019-06-02 14:04:36,140] multiqc                                            [DEBUG  ]  Ignoring file as matched an ignore pattern: QC.gc.byRead.vsBaseCt.txt.gz
[2019-06-02 14:04:36,141] multiqc                                            [DEBUG  ]  Ignoring file as matched an ignore pattern: QC.geneBodyCoverage.by.expression.level.txt.gz
[2019-06-02 14:04:36,141] multiqc                                            [DEBUG  ]  Ignoring file as matched an ignore pattern: QC.geneBodyCoverage.byExpr.avgPct.txt.gz
[2019-06-02 14:04:36,141] multiqc                                            [DEBUG  ]  Ignoring file as matched an ignore pattern: QC.geneBodyCoverage.genewise.txt.gz
[2019-06-02 14:04:36,141] multiqc                                            [DEBUG  ]  Ignoring file as matched an ignore pattern: QC.geneCounts.formatted.for.DESeq.txt.gz
[2019-06-02 14:04:36,141] multiqc                                            [DEBUG  ]  Ignoring file as matched an ignore pattern: QC.geneCounts.txt.gz
[2019-06-02 14:04:36,219] multiqc                                            [DEBUG  ]  Ignoring file as matched an ignore pattern: QC.NVC.lead.clip.R1.txt.gz
[2019-06-02 14:04:36,219] multiqc                                            [DEBUG  ]  Ignoring file as matched an ignore pattern: QC.NVC.minus.clipping.R1.txt.gz
[2019-06-02 14:04:36,219] multiqc                                            [DEBUG  ]  Ignoring file as matched an ignore pattern: QC.NVC.raw.R1.txt.gz
[2019-06-02 14:04:36,220] multiqc                                            [DEBUG  ]  Ignoring file as matched an ignore pattern: QC.NVC.tail.clip.R1.txt.gz
[2019-06-02 14:04:36,220] multiqc                                            [DEBUG  ]  Ignoring file as matched an ignore pattern: QC.orderedChromList.txt.gz
[2019-06-02 14:04:36,270] multiqc                                            [DEBUG  ]  Ignoring file as matched an ignore pattern: QC.quals.r1.txt.gz
[2019-06-02 14:04:36,271] multiqc                                            [DEBUG  ]  Ignoring file as matched an ignore pattern: QC.readLenDist.txt.gz
[2019-06-02 14:04:36,271] multiqc                                            [DEBUG  ]  Ignoring file as matched an ignore pattern: QC.spliceJunctionAndExonCounts.forJunctionSeq.txt.gz
[2019-06-02 14:04:36,271] multiqc                                            [DEBUG  ]  Ignoring file as matched an ignore pattern: QC.spliceJunctionCounts.knownSplices.txt.gz
[2019-06-02 14:04:36,271] multiqc                                            [DEBUG  ]  Ignoring file as matched an ignore pattern: QC.spliceJunctionCounts.novelSplices.txt.gz
[2019-06-02 14:04:36,280] multiqc                                            [DEBUG  ]  Ignoring file as matched an ignore pattern: QC.biotypeCounts.txt.gz
[2019-06-02 14:04:36,281] multiqc                                            [DEBUG  ]  Ignoring file as matched an ignore pattern: QC.chromCount.txt.gz
[2019-06-02 14:04:36,281] multiqc                                            [DEBUG  ]  Ignoring file as matched an ignore pattern: QC.cigarLoci.deletionCounts.all.txt.gz
[2019-06-02 14:04:36,281] multiqc                                            [DEBUG  ]  Ignoring file as matched an ignore pattern: QC.cigarLoci.deletionCounts.highCoverage.txt.gz
[2019-06-02 14:04:36,281] multiqc                                            [DEBUG  ]  Ignoring file as matched an ignore pattern: QC.cigarLoci.insertionCounts.all.txt.gz
[2019-06-02 14:04:36,281] multiqc                                            [DEBUG  ]  Ignoring file as matched an ignore pattern: QC.cigarLoci.insertionCounts.highCoverage.txt.gz
[2019-06-02 14:04:36,281] multiqc                                            [DEBUG  ]  Ignoring file as matched an ignore pattern: QC.cigarOpDistribution.byReadCycle.R1.txt.gz
[2019-06-02 14:04:36,281] multiqc                                            [DEBUG  ]  Ignoring file as matched an ignore pattern: QC.cigarOpLengths.byOp.R1.txt.gz
[2019-06-02 14:04:36,282] multiqc                                            [DEBUG  ]  Ignoring file as matched an ignore pattern: QC.exonCounts.formatted.for.DEXSeq.txt.gz
[2019-06-02 14:04:36,282] multiqc                                            [DEBUG  ]  Ignoring file as matched an ignore pattern: QC.gc.byRead.txt.gz
[2019-06-02 14:04:36,282] multiqc                                            [DEBUG  ]  Ignoring file as matched an ignore pattern: QC.gc.byRead.vsBaseCt.txt.gz
[2019-06-02 14:04:36,282] multiqc                                            [DEBUG  ]  Ignoring file as matched an ignore pattern: QC.geneBodyCoverage.by.expression.level.txt.gz
[2019-06-02 14:04:36,282] multiqc                                            [DEBUG  ]  Ignoring file as matched an ignore pattern: QC.geneBodyCoverage.byExpr.avgPct.txt.gz
[2019-06-02 14:04:36,283] multiqc                                            [DEBUG  ]  Ignoring file as matched an ignore pattern: QC.geneBodyCoverage.genewise.txt.gz
[2019-06-02 14:04:36,283] multiqc                                            [DEBUG  ]  Ignoring file as matched an ignore pattern: QC.geneCounts.formatted.for.DESeq.txt.gz
[2019-06-02 14:04:36,283] multiqc                                            [DEBUG  ]  Ignoring file as matched an ignore pattern: QC.geneCounts.txt.gz
[2019-06-02 14:04:36,321] multiqc                                            [DEBUG  ]  Ignoring file as matched an ignore pattern: QC.NVC.lead.clip.R1.txt.gz
[2019-06-02 14:04:36,322] multiqc                                            [DEBUG  ]  Ignoring file as matched an ignore pattern: QC.NVC.minus.clipping.R1.txt.gz
[2019-06-02 14:04:36,322] multiqc                                            [DEBUG  ]  Ignoring file as matched an ignore pattern: QC.NVC.raw.R1.txt.gz
[2019-06-02 14:04:36,322] multiqc                                            [DEBUG  ]  Ignoring file as matched an ignore pattern: QC.NVC.tail.clip.R1.txt.gz
[2019-06-02 14:04:36,322] multiqc                                            [DEBUG  ]  Ignoring file as matched an ignore pattern: QC.orderedChromList.txt.gz
[2019-06-02 14:04:36,374] multiqc                                            [DEBUG  ]  Ignoring file as matched an ignore pattern: QC.quals.r1.txt.gz
[2019-06-02 14:04:36,374] multiqc                                            [DEBUG  ]  Ignoring file as matched an ignore pattern: QC.readLenDist.txt.gz
[2019-06-02 14:04:36,374] multiqc                                            [DEBUG  ]  Ignoring file as matched an ignore pattern: QC.spliceJunctionAndExonCounts.forJunctionSeq.txt.gz
[2019-06-02 14:04:36,374] multiqc                                            [DEBUG  ]  Ignoring file as matched an ignore pattern: QC.spliceJunctionCounts.knownSplices.txt.gz
[2019-06-02 14:04:36,374] multiqc                                            [DEBUG  ]  Ignoring file as matched an ignore pattern: QC.spliceJunctionCounts.novelSplices.txt.gz
[2019-06-02 14:04:36,453] multiqc                                            [DEBUG  ]  Ignoring file as matched an ignore pattern: QC.biotypeCounts.txt.gz
[2019-06-02 14:04:36,454] multiqc                                            [DEBUG  ]  Ignoring file as matched an ignore pattern: QC.chromCount.txt.gz
[2019-06-02 14:04:36,454] multiqc                                            [DEBUG  ]  Ignoring file as matched an ignore pattern: QC.cigarLoci.deletionCounts.all.txt.gz
[2019-06-02 14:04:36,454] multiqc                                            [DEBUG  ]  Ignoring file as matched an ignore pattern: QC.cigarLoci.deletionCounts.highCoverage.txt.gz
[2019-06-02 14:04:36,454] multiqc                                            [DEBUG  ]  Ignoring file as matched an ignore pattern: QC.cigarLoci.insertionCounts.all.txt.gz
[2019-06-02 14:04:36,454] multiqc                                            [DEBUG  ]  Ignoring file as matched an ignore pattern: QC.cigarLoci.insertionCounts.highCoverage.txt.gz
[2019-06-02 14:04:36,455] multiqc                                            [DEBUG  ]  Ignoring file as matched an ignore pattern: QC.cigarOpDistribution.byReadCycle.R1.txt.gz
[2019-06-02 14:04:36,455] multiqc                                            [DEBUG  ]  Ignoring file as matched an ignore pattern: QC.cigarOpLengths.byOp.R1.txt.gz
[2019-06-02 14:04:36,455] multiqc                                            [DEBUG  ]  Ignoring file as matched an ignore pattern: QC.exonCounts.formatted.for.DEXSeq.txt.gz
[2019-06-02 14:04:36,455] multiqc                                            [DEBUG  ]  Ignoring file as matched an ignore pattern: QC.gc.byRead.txt.gz
[2019-06-02 14:04:36,455] multiqc                                            [DEBUG  ]  Ignoring file as matched an ignore pattern: QC.gc.byRead.vsBaseCt.txt.gz
[2019-06-02 14:04:36,455] multiqc                                            [DEBUG  ]  Ignoring file as matched an ignore pattern: QC.geneBodyCoverage.by.expression.level.txt.gz
[2019-06-02 14:04:36,456] multiqc                                            [DEBUG  ]  Ignoring file as matched an ignore pattern: QC.geneBodyCoverage.byExpr.avgPct.txt.gz
[2019-06-02 14:04:36,456] multiqc                                            [DEBUG  ]  Ignoring file as matched an ignore pattern: QC.geneBodyCoverage.genewise.txt.gz
[2019-06-02 14:04:36,456] multiqc                                            [DEBUG  ]  Ignoring file as matched an ignore pattern: QC.geneCounts.formatted.for.DESeq.txt.gz
[2019-06-02 14:04:36,456] multiqc                                            [DEBUG  ]  Ignoring file as matched an ignore pattern: QC.geneCounts.txt.gz
[2019-06-02 14:04:36,535] multiqc                                            [DEBUG  ]  Ignoring file as matched an ignore pattern: QC.NVC.lead.clip.R1.txt.gz
[2019-06-02 14:04:36,535] multiqc                                            [DEBUG  ]  Ignoring file as matched an ignore pattern: QC.NVC.minus.clipping.R1.txt.gz
[2019-06-02 14:04:36,535] multiqc                                            [DEBUG  ]  Ignoring file as matched an ignore pattern: QC.NVC.raw.R1.txt.gz
[2019-06-02 14:04:36,535] multiqc                                            [DEBUG  ]  Ignoring file as matched an ignore pattern: QC.NVC.tail.clip.R1.txt.gz
[2019-06-02 14:04:36,536] multiqc                                            [DEBUG  ]  Ignoring file as matched an ignore pattern: QC.orderedChromList.txt.gz
[2019-06-02 14:04:36,586] multiqc                                            [DEBUG  ]  Ignoring file as matched an ignore pattern: QC.quals.r1.txt.gz
[2019-06-02 14:04:36,586] multiqc                                            [DEBUG  ]  Ignoring file as matched an ignore pattern: QC.readLenDist.txt.gz
[2019-06-02 14:04:36,586] multiqc                                            [DEBUG  ]  Ignoring file as matched an ignore pattern: QC.spliceJunctionAndExonCounts.forJunctionSeq.txt.gz
[2019-06-02 14:04:36,586] multiqc                                            [DEBUG  ]  Ignoring file as matched an ignore pattern: QC.spliceJunctionCounts.knownSplices.txt.gz
[2019-06-02 14:04:36,586] multiqc                                            [DEBUG  ]  Ignoring file as matched an ignore pattern: QC.spliceJunctionCounts.novelSplices.txt.gz
[2019-06-02 14:04:36,662] multiqc                                            [DEBUG  ]  Ignoring file as matched an ignore pattern: QC.biotypeCounts.txt.gz
[2019-06-02 14:04:36,663] multiqc                                            [DEBUG  ]  Ignoring file as matched an ignore pattern: QC.chromCount.txt.gz
[2019-06-02 14:04:36,663] multiqc                                            [DEBUG  ]  Ignoring file as matched an ignore pattern: QC.cigarLoci.deletionCounts.all.txt.gz
[2019-06-02 14:04:36,663] multiqc                                            [DEBUG  ]  Ignoring file as matched an ignore pattern: QC.cigarLoci.deletionCounts.highCoverage.txt.gz
[2019-06-02 14:04:36,663] multiqc                                            [DEBUG  ]  Ignoring file as matched an ignore pattern: QC.cigarLoci.insertionCounts.all.txt.gz
[2019-06-02 14:04:36,664] multiqc                                            [DEBUG  ]  Ignoring file as matched an ignore pattern: QC.cigarLoci.insertionCounts.highCoverage.txt.gz
[2019-06-02 14:04:36,664] multiqc                                            [DEBUG  ]  Ignoring file as matched an ignore pattern: QC.cigarOpDistribution.byReadCycle.R1.txt.gz
[2019-06-02 14:04:36,664] multiqc                                            [DEBUG  ]  Ignoring file as matched an ignore pattern: QC.cigarOpLengths.byOp.R1.txt.gz
[2019-06-02 14:04:36,664] multiqc                                            [DEBUG  ]  Ignoring file as matched an ignore pattern: QC.exonCounts.formatted.for.DEXSeq.txt.gz
[2019-06-02 14:04:36,664] multiqc                                            [DEBUG  ]  Ignoring file as matched an ignore pattern: QC.gc.byRead.txt.gz
[2019-06-02 14:04:36,664] multiqc                                            [DEBUG  ]  Ignoring file as matched an ignore pattern: QC.gc.byRead.vsBaseCt.txt.gz
[2019-06-02 14:04:36,665] multiqc                                            [DEBUG  ]  Ignoring file as matched an ignore pattern: QC.geneBodyCoverage.by.expression.level.txt.gz
[2019-06-02 14:04:36,665] multiqc                                            [DEBUG  ]  Ignoring file as matched an ignore pattern: QC.geneBodyCoverage.byExpr.avgPct.txt.gz
[2019-06-02 14:04:36,665] multiqc                                            [DEBUG  ]  Ignoring file as matched an ignore pattern: QC.geneBodyCoverage.genewise.txt.gz
[2019-06-02 14:04:36,665] multiqc                                            [DEBUG  ]  Ignoring file as matched an ignore pattern: QC.geneCounts.formatted.for.DESeq.txt.gz
[2019-06-02 14:04:36,665] multiqc                                            [DEBUG  ]  Ignoring file as matched an ignore pattern: QC.geneCounts.txt.gz
[2019-06-02 14:04:36,701] multiqc                                            [DEBUG  ]  Ignoring file as matched an ignore pattern: QC.NVC.lead.clip.R1.txt.gz
[2019-06-02 14:04:36,701] multiqc                                            [DEBUG  ]  Ignoring file as matched an ignore pattern: QC.NVC.minus.clipping.R1.txt.gz
[2019-06-02 14:04:36,702] multiqc                                            [DEBUG  ]  Ignoring file as matched an ignore pattern: QC.NVC.raw.R1.txt.gz
[2019-06-02 14:04:36,702] multiqc                                            [DEBUG  ]  Ignoring file as matched an ignore pattern: QC.NVC.tail.clip.R1.txt.gz
[2019-06-02 14:04:36,702] multiqc                                            [DEBUG  ]  Ignoring file as matched an ignore pattern: QC.orderedChromList.txt.gz
[2019-06-02 14:04:36,754] multiqc                                            [DEBUG  ]  Ignoring file as matched an ignore pattern: QC.quals.r1.txt.gz
[2019-06-02 14:04:36,754] multiqc                                            [DEBUG  ]  Ignoring file as matched an ignore pattern: QC.readLenDist.txt.gz
[2019-06-02 14:04:36,754] multiqc                                            [DEBUG  ]  Ignoring file as matched an ignore pattern: QC.spliceJunctionAndExonCounts.forJunctionSeq.txt.gz
[2019-06-02 14:04:36,754] multiqc                                            [DEBUG  ]  Ignoring file as matched an ignore pattern: QC.spliceJunctionCounts.knownSplices.txt.gz
[2019-06-02 14:04:36,755] multiqc                                            [DEBUG  ]  Ignoring file as matched an ignore pattern: QC.spliceJunctionCounts.novelSplices.txt.gz
[2019-06-02 14:04:36,764] multiqc                                            [DEBUG  ]  Ignoring file as matched an ignore pattern: QC.biotypeCounts.txt.gz
[2019-06-02 14:04:36,764] multiqc                                            [DEBUG  ]  Ignoring file as matched an ignore pattern: QC.chromCount.txt.gz
[2019-06-02 14:04:36,764] multiqc                                            [DEBUG  ]  Ignoring file as matched an ignore pattern: QC.cigarLoci.deletionCounts.all.txt.gz
[2019-06-02 14:04:36,764] multiqc                                            [DEBUG  ]  Ignoring file as matched an ignore pattern: QC.cigarLoci.deletionCounts.highCoverage.txt.gz
[2019-06-02 14:04:36,764] multiqc                                            [DEBUG  ]  Ignoring file as matched an ignore pattern: QC.cigarLoci.insertionCounts.all.txt.gz
[2019-06-02 14:04:36,765] multiqc                                            [DEBUG  ]  Ignoring file as matched an ignore pattern: QC.cigarLoci.insertionCounts.highCoverage.txt.gz
[2019-06-02 14:04:36,765] multiqc                                            [DEBUG  ]  Ignoring file as matched an ignore pattern: QC.cigarOpDistribution.byReadCycle.R1.txt.gz
[2019-06-02 14:04:36,765] multiqc                                            [DEBUG  ]  Ignoring file as matched an ignore pattern: QC.cigarOpLengths.byOp.R1.txt.gz
[2019-06-02 14:04:36,765] multiqc                                            [DEBUG  ]  Ignoring file as matched an ignore pattern: QC.exonCounts.formatted.for.DEXSeq.txt.gz
[2019-06-02 14:04:36,765] multiqc                                            [DEBUG  ]  Ignoring file as matched an ignore pattern: QC.gc.byRead.txt.gz
[2019-06-02 14:04:36,766] multiqc                                            [DEBUG  ]  Ignoring file as matched an ignore pattern: QC.gc.byRead.vsBaseCt.txt.gz
[2019-06-02 14:04:36,766] multiqc                                            [DEBUG  ]  Ignoring file as matched an ignore pattern: QC.geneBodyCoverage.by.expression.level.txt.gz
[2019-06-02 14:04:36,766] multiqc                                            [DEBUG  ]  Ignoring file as matched an ignore pattern: QC.geneBodyCoverage.byExpr.avgPct.txt.gz
[2019-06-02 14:04:36,766] multiqc                                            [DEBUG  ]  Ignoring file as matched an ignore pattern: QC.geneBodyCoverage.genewise.txt.gz
[2019-06-02 14:04:36,766] multiqc                                            [DEBUG  ]  Ignoring file as matched an ignore pattern: QC.geneCounts.formatted.for.DESeq.txt.gz
[2019-06-02 14:04:36,766] multiqc                                            [DEBUG  ]  Ignoring file as matched an ignore pattern: QC.geneCounts.txt.gz
[2019-06-02 14:04:36,804] multiqc                                            [DEBUG  ]  Ignoring file as matched an ignore pattern: QC.NVC.lead.clip.R1.txt.gz
[2019-06-02 14:04:36,804] multiqc                                            [DEBUG  ]  Ignoring file as matched an ignore pattern: QC.NVC.minus.clipping.R1.txt.gz
[2019-06-02 14:04:36,804] multiqc                                            [DEBUG  ]  Ignoring file as matched an ignore pattern: QC.NVC.raw.R1.txt.gz
[2019-06-02 14:04:36,804] multiqc                                            [DEBUG  ]  Ignoring file as matched an ignore pattern: QC.NVC.tail.clip.R1.txt.gz
[2019-06-02 14:04:36,867] multiqc                                            [DEBUG  ]  Ignoring file as matched an ignore pattern: QC.orderedChromList.txt.gz
[2019-06-02 14:04:36,917] multiqc                                            [DEBUG  ]  Ignoring file as matched an ignore pattern: QC.quals.r1.txt.gz
[2019-06-02 14:04:36,918] multiqc                                            [DEBUG  ]  Ignoring file as matched an ignore pattern: QC.readLenDist.txt.gz
[2019-06-02 14:04:36,918] multiqc                                            [DEBUG  ]  Ignoring file as matched an ignore pattern: QC.spliceJunctionAndExonCounts.forJunctionSeq.txt.gz
[2019-06-02 14:04:36,918] multiqc                                            [DEBUG  ]  Ignoring file as matched an ignore pattern: QC.spliceJunctionCounts.knownSplices.txt.gz
[2019-06-02 14:04:36,918] multiqc                                            [DEBUG  ]  Ignoring file as matched an ignore pattern: QC.spliceJunctionCounts.novelSplices.txt.gz
[2019-06-02 14:04:36,928] multiqc                                            [DEBUG  ]  Ignoring file as matched an ignore pattern: QC.biotypeCounts.txt.gz
[2019-06-02 14:04:36,928] multiqc                                            [DEBUG  ]  Ignoring file as matched an ignore pattern: QC.chromCount.txt.gz
[2019-06-02 14:04:36,928] multiqc                                            [DEBUG  ]  Ignoring file as matched an ignore pattern: QC.cigarLoci.deletionCounts.all.txt.gz
[2019-06-02 14:04:36,928] multiqc                                            [DEBUG  ]  Ignoring file as matched an ignore pattern: QC.cigarLoci.deletionCounts.highCoverage.txt.gz
[2019-06-02 14:04:36,928] multiqc                                            [DEBUG  ]  Ignoring file as matched an ignore pattern: QC.cigarLoci.insertionCounts.all.txt.gz
[2019-06-02 14:04:36,928] multiqc                                            [DEBUG  ]  Ignoring file as matched an ignore pattern: QC.cigarLoci.insertionCounts.highCoverage.txt.gz
[2019-06-02 14:04:36,929] multiqc                                            [DEBUG  ]  Ignoring file as matched an ignore pattern: QC.cigarOpDistribution.byReadCycle.R1.txt.gz
[2019-06-02 14:04:36,929] multiqc                                            [DEBUG  ]  Ignoring file as matched an ignore pattern: QC.cigarOpLengths.byOp.R1.txt.gz
[2019-06-02 14:04:36,929] multiqc                                            [DEBUG  ]  Ignoring file as matched an ignore pattern: QC.exonCounts.formatted.for.DEXSeq.txt.gz
[2019-06-02 14:04:36,929] multiqc                                            [DEBUG  ]  Ignoring file as matched an ignore pattern: QC.gc.byRead.txt.gz
[2019-06-02 14:04:36,929] multiqc                                            [DEBUG  ]  Ignoring file as matched an ignore pattern: QC.gc.byRead.vsBaseCt.txt.gz
[2019-06-02 14:04:36,929] multiqc                                            [DEBUG  ]  Ignoring file as matched an ignore pattern: QC.geneBodyCoverage.by.expression.level.txt.gz
[2019-06-02 14:04:36,930] multiqc                                            [DEBUG  ]  Ignoring file as matched an ignore pattern: QC.geneBodyCoverage.byExpr.avgPct.txt.gz
[2019-06-02 14:04:36,930] multiqc                                            [DEBUG  ]  Ignoring file as matched an ignore pattern: QC.geneBodyCoverage.genewise.txt.gz
[2019-06-02 14:04:36,930] multiqc                                            [DEBUG  ]  Ignoring file as matched an ignore pattern: QC.geneCounts.formatted.for.DESeq.txt.gz
[2019-06-02 14:04:36,930] multiqc                                            [DEBUG  ]  Ignoring file as matched an ignore pattern: QC.geneCounts.txt.gz
[2019-06-02 14:04:36,977] multiqc                                            [DEBUG  ]  Ignoring file as matched an ignore pattern: QC.NVC.lead.clip.R1.txt.gz
[2019-06-02 14:04:36,977] multiqc                                            [DEBUG  ]  Ignoring file as matched an ignore pattern: QC.NVC.minus.clipping.R1.txt.gz
[2019-06-02 14:04:36,978] multiqc                                            [DEBUG  ]  Ignoring file as matched an ignore pattern: QC.NVC.raw.R1.txt.gz
[2019-06-02 14:04:36,978] multiqc                                            [DEBUG  ]  Ignoring file as matched an ignore pattern: QC.NVC.tail.clip.R1.txt.gz
[2019-06-02 14:04:36,978] multiqc                                            [DEBUG  ]  Ignoring file as matched an ignore pattern: QC.orderedChromList.txt.gz
[2019-06-02 14:04:37,028] multiqc                                            [DEBUG  ]  Ignoring file as matched an ignore pattern: QC.quals.r1.txt.gz
[2019-06-02 14:04:37,028] multiqc                                            [DEBUG  ]  Ignoring file as matched an ignore pattern: QC.readLenDist.txt.gz
[2019-06-02 14:04:37,029] multiqc                                            [DEBUG  ]  Ignoring file as matched an ignore pattern: QC.spliceJunctionAndExonCounts.forJunctionSeq.txt.gz
[2019-06-02 14:04:37,029] multiqc                                            [DEBUG  ]  Ignoring file as matched an ignore pattern: QC.spliceJunctionCounts.knownSplices.txt.gz
[2019-06-02 14:04:37,029] multiqc                                            [DEBUG  ]  Ignoring file as matched an ignore pattern: QC.spliceJunctionCounts.novelSplices.txt.gz
[2019-06-02 14:04:37,099] multiqc                                            [DEBUG  ]  Ignoring file as matched an ignore pattern: QC.biotypeCounts.txt.gz
[2019-06-02 14:04:37,134] multiqc                                            [DEBUG  ]  Ignoring file as matched an ignore pattern: QC.chromCount.txt.gz
[2019-06-02 14:04:37,134] multiqc                                            [DEBUG  ]  Ignoring file as matched an ignore pattern: QC.cigarLoci.deletionCounts.all.txt.gz
[2019-06-02 14:04:37,134] multiqc                                            [DEBUG  ]  Ignoring file as matched an ignore pattern: QC.cigarLoci.deletionCounts.highCoverage.txt.gz
[2019-06-02 14:04:37,135] multiqc                                            [DEBUG  ]  Ignoring file as matched an ignore pattern: QC.cigarLoci.insertionCounts.all.txt.gz
[2019-06-02 14:04:37,135] multiqc                                            [DEBUG  ]  Ignoring file as matched an ignore pattern: QC.cigarLoci.insertionCounts.highCoverage.txt.gz
[2019-06-02 14:04:37,135] multiqc                                            [DEBUG  ]  Ignoring file as matched an ignore pattern: QC.cigarOpDistribution.byReadCycle.R1.txt.gz
[2019-06-02 14:04:37,135] multiqc                                            [DEBUG  ]  Ignoring file as matched an ignore pattern: QC.cigarOpLengths.byOp.R1.txt.gz
[2019-06-02 14:04:37,135] multiqc                                            [DEBUG  ]  Ignoring file as matched an ignore pattern: QC.exonCounts.formatted.for.DEXSeq.txt.gz
[2019-06-02 14:04:37,135] multiqc                                            [DEBUG  ]  Ignoring file as matched an ignore pattern: QC.gc.byRead.txt.gz
[2019-06-02 14:04:37,136] multiqc                                            [DEBUG  ]  Ignoring file as matched an ignore pattern: QC.gc.byRead.vsBaseCt.txt.gz
[2019-06-02 14:04:37,136] multiqc                                            [DEBUG  ]  Ignoring file as matched an ignore pattern: QC.geneBodyCoverage.by.expression.level.txt.gz
[2019-06-02 14:04:37,136] multiqc                                            [DEBUG  ]  Ignoring file as matched an ignore pattern: QC.geneBodyCoverage.byExpr.avgPct.txt.gz
[2019-06-02 14:04:37,136] multiqc                                            [DEBUG  ]  Ignoring file as matched an ignore pattern: QC.geneBodyCoverage.genewise.txt.gz
[2019-06-02 14:04:37,136] multiqc                                            [DEBUG  ]  Ignoring file as matched an ignore pattern: QC.geneCounts.formatted.for.DESeq.txt.gz
[2019-06-02 14:04:37,136] multiqc                                            [DEBUG  ]  Ignoring file as matched an ignore pattern: QC.geneCounts.txt.gz
[2019-06-02 14:04:37,195] multiqc                                            [DEBUG  ]  Ignoring file as matched an ignore pattern: QC.NVC.lead.clip.R1.txt.gz
[2019-06-02 14:04:37,195] multiqc                                            [DEBUG  ]  Ignoring file as matched an ignore pattern: QC.NVC.minus.clipping.R1.txt.gz
[2019-06-02 14:04:37,195] multiqc                                            [DEBUG  ]  Ignoring file as matched an ignore pattern: QC.NVC.raw.R1.txt.gz
[2019-06-02 14:04:37,196] multiqc                                            [DEBUG  ]  Ignoring file as matched an ignore pattern: QC.NVC.tail.clip.R1.txt.gz
[2019-06-02 14:04:37,196] multiqc                                            [DEBUG  ]  Ignoring file as matched an ignore pattern: QC.orderedChromList.txt.gz
[2019-06-02 14:04:37,246] multiqc                                            [DEBUG  ]  Ignoring file as matched an ignore pattern: QC.quals.r1.txt.gz
[2019-06-02 14:04:37,246] multiqc                                            [DEBUG  ]  Ignoring file as matched an ignore pattern: QC.readLenDist.txt.gz
[2019-06-02 14:04:37,246] multiqc                                            [DEBUG  ]  Ignoring file as matched an ignore pattern: QC.spliceJunctionAndExonCounts.forJunctionSeq.txt.gz
[2019-06-02 14:04:37,246] multiqc                                            [DEBUG  ]  Ignoring file as matched an ignore pattern: QC.spliceJunctionCounts.knownSplices.txt.gz
[2019-06-02 14:04:37,247] multiqc                                            [DEBUG  ]  Ignoring file as matched an ignore pattern: QC.spliceJunctionCounts.novelSplices.txt.gz
[2019-06-02 14:04:37,256] multiqc                                            [DEBUG  ]  Ignoring file as matched an ignore pattern: QC.biotypeCounts.txt.gz
[2019-06-02 14:04:37,256] multiqc                                            [DEBUG  ]  Ignoring file as matched an ignore pattern: QC.chromCount.txt.gz
[2019-06-02 14:04:37,256] multiqc                                            [DEBUG  ]  Ignoring file as matched an ignore pattern: QC.cigarLoci.deletionCounts.all.txt.gz
[2019-06-02 14:04:37,256] multiqc                                            [DEBUG  ]  Ignoring file as matched an ignore pattern: QC.cigarLoci.deletionCounts.highCoverage.txt.gz
[2019-06-02 14:04:37,257] multiqc                                            [DEBUG  ]  Ignoring file as matched an ignore pattern: QC.cigarLoci.insertionCounts.all.txt.gz
[2019-06-02 14:04:37,257] multiqc                                            [DEBUG  ]  Ignoring file as matched an ignore pattern: QC.cigarLoci.insertionCounts.highCoverage.txt.gz
[2019-06-02 14:04:37,257] multiqc                                            [DEBUG  ]  Ignoring file as matched an ignore pattern: QC.cigarOpDistribution.byReadCycle.R1.txt.gz
[2019-06-02 14:04:37,257] multiqc                                            [DEBUG  ]  Ignoring file as matched an ignore pattern: QC.cigarOpLengths.byOp.R1.txt.gz
[2019-06-02 14:04:37,257] multiqc                                            [DEBUG  ]  Ignoring file as matched an ignore pattern: QC.exonCounts.formatted.for.DEXSeq.txt.gz
[2019-06-02 14:04:37,257] multiqc                                            [DEBUG  ]  Ignoring file as matched an ignore pattern: QC.gc.byRead.txt.gz
[2019-06-02 14:04:37,258] multiqc                                            [DEBUG  ]  Ignoring file as matched an ignore pattern: QC.gc.byRead.vsBaseCt.txt.gz
[2019-06-02 14:04:37,258] multiqc                                            [DEBUG  ]  Ignoring file as matched an ignore pattern: QC.geneBodyCoverage.by.expression.level.txt.gz
[2019-06-02 14:04:37,258] multiqc                                            [DEBUG  ]  Ignoring file as matched an ignore pattern: QC.geneBodyCoverage.byExpr.avgPct.txt.gz
[2019-06-02 14:04:37,258] multiqc                                            [DEBUG  ]  Ignoring file as matched an ignore pattern: QC.geneBodyCoverage.genewise.txt.gz
[2019-06-02 14:04:37,258] multiqc                                            [DEBUG  ]  Ignoring file as matched an ignore pattern: QC.geneCounts.formatted.for.DESeq.txt.gz
[2019-06-02 14:04:37,258] multiqc                                            [DEBUG  ]  Ignoring file as matched an ignore pattern: QC.geneCounts.txt.gz
[2019-06-02 14:04:37,326] multiqc                                            [DEBUG  ]  Ignoring file as matched an ignore pattern: QC.NVC.lead.clip.R1.txt.gz
[2019-06-02 14:04:37,327] multiqc                                            [DEBUG  ]  Ignoring file as matched an ignore pattern: QC.NVC.minus.clipping.R1.txt.gz
[2019-06-02 14:04:37,327] multiqc                                            [DEBUG  ]  Ignoring file as matched an ignore pattern: QC.NVC.raw.R1.txt.gz
[2019-06-02 14:04:37,327] multiqc                                            [DEBUG  ]  Ignoring file as matched an ignore pattern: QC.NVC.tail.clip.R1.txt.gz
[2019-06-02 14:04:37,327] multiqc                                            [DEBUG  ]  Ignoring file as matched an ignore pattern: QC.orderedChromList.txt.gz
[2019-06-02 14:04:37,378] multiqc                                            [DEBUG  ]  Ignoring file as matched an ignore pattern: QC.quals.r1.txt.gz
[2019-06-02 14:04:37,378] multiqc                                            [DEBUG  ]  Ignoring file as matched an ignore pattern: QC.readLenDist.txt.gz
[2019-06-02 14:04:37,379] multiqc                                            [DEBUG  ]  Ignoring file as matched an ignore pattern: QC.spliceJunctionAndExonCounts.forJunctionSeq.txt.gz
[2019-06-02 14:04:37,379] multiqc                                            [DEBUG  ]  Ignoring file as matched an ignore pattern: QC.spliceJunctionCounts.knownSplices.txt.gz
[2019-06-02 14:04:37,379] multiqc                                            [DEBUG  ]  Ignoring file as matched an ignore pattern: QC.spliceJunctionCounts.novelSplices.txt.gz
[2019-06-02 14:04:37,412] multiqc                                            [DEBUG  ]  Ignoring file as matched an ignore pattern: QC.biotypeCounts.txt.gz
[2019-06-02 14:04:37,412] multiqc                                            [DEBUG  ]  Ignoring file as matched an ignore pattern: QC.chromCount.txt.gz
[2019-06-02 14:04:37,412] multiqc                                            [DEBUG  ]  Ignoring file as matched an ignore pattern: QC.cigarLoci.deletionCounts.all.txt.gz
[2019-06-02 14:04:37,413] multiqc                                            [DEBUG  ]  Ignoring file as matched an ignore pattern: QC.cigarLoci.deletionCounts.highCoverage.txt.gz
[2019-06-02 14:04:37,413] multiqc                                            [DEBUG  ]  Ignoring file as matched an ignore pattern: QC.cigarLoci.insertionCounts.all.txt.gz
[2019-06-02 14:04:37,413] multiqc                                            [DEBUG  ]  Ignoring file as matched an ignore pattern: QC.cigarLoci.insertionCounts.highCoverage.txt.gz
[2019-06-02 14:04:37,413] multiqc                                            [DEBUG  ]  Ignoring file as matched an ignore pattern: QC.cigarOpDistribution.byReadCycle.R1.txt.gz
[2019-06-02 14:04:37,414] multiqc                                            [DEBUG  ]  Ignoring file as matched an ignore pattern: QC.cigarOpLengths.byOp.R1.txt.gz
[2019-06-02 14:04:37,414] multiqc                                            [DEBUG  ]  Ignoring file as matched an ignore pattern: QC.exonCounts.formatted.for.DEXSeq.txt.gz
[2019-06-02 14:04:37,414] multiqc                                            [DEBUG  ]  Ignoring file as matched an ignore pattern: QC.gc.byRead.txt.gz
[2019-06-02 14:04:37,414] multiqc                                            [DEBUG  ]  Ignoring file as matched an ignore pattern: QC.gc.byRead.vsBaseCt.txt.gz
[2019-06-02 14:04:37,414] multiqc                                            [DEBUG  ]  Ignoring file as matched an ignore pattern: QC.geneBodyCoverage.by.expression.level.txt.gz
[2019-06-02 14:04:37,415] multiqc                                            [DEBUG  ]  Ignoring file as matched an ignore pattern: QC.geneBodyCoverage.byExpr.avgPct.txt.gz
[2019-06-02 14:04:37,415] multiqc                                            [DEBUG  ]  Ignoring file as matched an ignore pattern: QC.geneBodyCoverage.genewise.txt.gz
[2019-06-02 14:04:37,415] multiqc                                            [DEBUG  ]  Ignoring file as matched an ignore pattern: QC.geneCounts.formatted.for.DESeq.txt.gz
[2019-06-02 14:04:37,415] multiqc                                            [DEBUG  ]  Ignoring file as matched an ignore pattern: QC.geneCounts.txt.gz
[2019-06-02 14:04:37,465] multiqc                                            [DEBUG  ]  Ignoring file as matched an ignore pattern: QC.NVC.lead.clip.R1.txt.gz
[2019-06-02 14:04:37,465] multiqc                                            [DEBUG  ]  Ignoring file as matched an ignore pattern: QC.NVC.minus.clipping.R1.txt.gz
[2019-06-02 14:04:37,465] multiqc                                            [DEBUG  ]  Ignoring file as matched an ignore pattern: QC.NVC.raw.R1.txt.gz
[2019-06-02 14:04:37,465] multiqc                                            [DEBUG  ]  Ignoring file as matched an ignore pattern: QC.NVC.tail.clip.R1.txt.gz
[2019-06-02 14:04:37,466] multiqc                                            [DEBUG  ]  Ignoring file as matched an ignore pattern: QC.orderedChromList.txt.gz
[2019-06-02 14:04:37,515] multiqc                                            [DEBUG  ]  Ignoring file as matched an ignore pattern: QC.quals.r1.txt.gz
[2019-06-02 14:04:37,515] multiqc                                            [DEBUG  ]  Ignoring file as matched an ignore pattern: QC.readLenDist.txt.gz
[2019-06-02 14:04:37,536] multiqc                                            [DEBUG  ]  Ignoring file as matched an ignore pattern: QC.spliceJunctionAndExonCounts.forJunctionSeq.txt.gz
[2019-06-02 14:04:37,536] multiqc                                            [DEBUG  ]  Ignoring file as matched an ignore pattern: QC.spliceJunctionCounts.knownSplices.txt.gz
[2019-06-02 14:04:37,536] multiqc                                            [DEBUG  ]  Ignoring file as matched an ignore pattern: QC.spliceJunctionCounts.novelSplices.txt.gz
[2019-06-02 14:04:37,598] multiqc                                            [DEBUG  ]  Ignoring file as matched an ignore pattern: QC.biotypeCounts.txt.gz
[2019-06-02 14:04:37,598] multiqc                                            [DEBUG  ]  Ignoring file as matched an ignore pattern: QC.chromCount.txt.gz
[2019-06-02 14:04:37,598] multiqc                                            [DEBUG  ]  Ignoring file as matched an ignore pattern: QC.cigarLoci.deletionCounts.all.txt.gz
[2019-06-02 14:04:37,598] multiqc                                            [DEBUG  ]  Ignoring file as matched an ignore pattern: QC.cigarLoci.deletionCounts.highCoverage.txt.gz
[2019-06-02 14:04:37,599] multiqc                                            [DEBUG  ]  Ignoring file as matched an ignore pattern: QC.cigarLoci.insertionCounts.all.txt.gz
[2019-06-02 14:04:37,599] multiqc                                            [DEBUG  ]  Ignoring file as matched an ignore pattern: QC.cigarLoci.insertionCounts.highCoverage.txt.gz
[2019-06-02 14:04:37,599] multiqc                                            [DEBUG  ]  Ignoring file as matched an ignore pattern: QC.cigarOpDistribution.byReadCycle.R1.txt.gz
[2019-06-02 14:04:37,599] multiqc                                            [DEBUG  ]  Ignoring file as matched an ignore pattern: QC.cigarOpLengths.byOp.R1.txt.gz
[2019-06-02 14:04:37,599] multiqc                                            [DEBUG  ]  Ignoring file as matched an ignore pattern: QC.exonCounts.formatted.for.DEXSeq.txt.gz
[2019-06-02 14:04:37,600] multiqc                                            [DEBUG  ]  Ignoring file as matched an ignore pattern: QC.gc.byRead.txt.gz
[2019-06-02 14:04:37,600] multiqc                                            [DEBUG  ]  Ignoring file as matched an ignore pattern: QC.gc.byRead.vsBaseCt.txt.gz
[2019-06-02 14:04:37,600] multiqc                                            [DEBUG  ]  Ignoring file as matched an ignore pattern: QC.geneBodyCoverage.by.expression.level.txt.gz
[2019-06-02 14:04:37,600] multiqc                                            [DEBUG  ]  Ignoring file as matched an ignore pattern: QC.geneBodyCoverage.byExpr.avgPct.txt.gz
[2019-06-02 14:04:37,600] multiqc                                            [DEBUG  ]  Ignoring file as matched an ignore pattern: QC.geneBodyCoverage.genewise.txt.gz
[2019-06-02 14:04:37,600] multiqc                                            [DEBUG  ]  Ignoring file as matched an ignore pattern: QC.geneCounts.formatted.for.DESeq.txt.gz
[2019-06-02 14:04:37,601] multiqc                                            [DEBUG  ]  Ignoring file as matched an ignore pattern: QC.geneCounts.txt.gz
[2019-06-02 14:04:37,644] multiqc                                            [DEBUG  ]  Ignoring file as matched an ignore pattern: QC.NVC.lead.clip.R1.txt.gz
[2019-06-02 14:04:37,644] multiqc                                            [DEBUG  ]  Ignoring file as matched an ignore pattern: QC.NVC.minus.clipping.R1.txt.gz
[2019-06-02 14:04:37,644] multiqc                                            [DEBUG  ]  Ignoring file as matched an ignore pattern: QC.NVC.raw.R1.txt.gz
[2019-06-02 14:04:37,644] multiqc                                            [DEBUG  ]  Ignoring file as matched an ignore pattern: QC.NVC.tail.clip.R1.txt.gz
[2019-06-02 14:04:37,645] multiqc                                            [DEBUG  ]  Ignoring file as matched an ignore pattern: QC.orderedChromList.txt.gz
[2019-06-02 14:04:37,694] multiqc                                            [DEBUG  ]  Ignoring file as matched an ignore pattern: QC.quals.r1.txt.gz
[2019-06-02 14:04:37,694] multiqc                                            [DEBUG  ]  Ignoring file as matched an ignore pattern: QC.readLenDist.txt.gz
[2019-06-02 14:04:37,695] multiqc                                            [DEBUG  ]  Ignoring file as matched an ignore pattern: QC.spliceJunctionAndExonCounts.forJunctionSeq.txt.gz
[2019-06-02 14:04:37,695] multiqc                                            [DEBUG  ]  Ignoring file as matched an ignore pattern: QC.spliceJunctionCounts.knownSplices.txt.gz
[2019-06-02 14:04:37,695] multiqc                                            [DEBUG  ]  Ignoring file as matched an ignore pattern: QC.spliceJunctionCounts.novelSplices.txt.gz
[2019-06-02 14:04:38,224] multiqc                                            [DEBUG  ]  No samples found: custom_content
[2019-06-02 14:04:38,227] multiqc                                            [DEBUG  ]  No samples found: conpair
[2019-06-02 14:04:38,230] multiqc                                            [DEBUG  ]  No samples found: peddy
[2019-06-02 14:04:38,233] multiqc                                            [DEBUG  ]  No samples found: methylQA
[2019-06-02 14:04:38,236] multiqc                                            [DEBUG  ]  No samples found: phantompeakqualtools
[2019-06-02 14:04:38,240] multiqc                                            [DEBUG  ]  No samples found: qualimap
[2019-06-02 14:04:38,243] multiqc                                            [DEBUG  ]  No samples found: preseq
[2019-06-02 14:04:38,246] multiqc                                            [DEBUG  ]  No samples found: quast
[2019-06-02 14:04:38,254] multiqc.modules.qorts.qorts                        [INFO   ]  Found 12 logs
[2019-06-02 14:04:38,275] multiqc                                            [DEBUG  ]  No samples found: rna_seqc
[2019-06-02 14:04:38,277] multiqc                                            [DEBUG  ]  No samples found: rsem
[2019-06-02 14:04:38,284] multiqc                                            [DEBUG  ]  No samples found: rseqc
[2019-06-02 14:04:38,288] multiqc                                            [DEBUG  ]  No samples found: busco
[2019-06-02 14:04:38,291] multiqc                                            [DEBUG  ]  No samples found: goleft_indexcov
[2019-06-02 14:04:38,294] multiqc                                            [DEBUG  ]  No samples found: disambiguate
[2019-06-02 14:04:38,297] multiqc                                            [DEBUG  ]  No samples found: supernova
[2019-06-02 14:04:38,304] multiqc                                            [DEBUG  ]  No samples found: deeptools
[2019-06-02 14:04:38,306] multiqc                                            [DEBUG  ]  No samples found: sargasso
[2019-06-02 14:04:38,309] multiqc                                            [DEBUG  ]  No samples found: verifybamid
[2019-06-02 14:04:38,313] multiqc                                            [DEBUG  ]  No samples found: mirtrace
[2019-06-02 14:04:38,316] multiqc                                            [DEBUG  ]  No samples found: happy
[2019-06-02 14:04:38,319] multiqc                                            [DEBUG  ]  No samples found: homer
[2019-06-02 14:04:38,322] multiqc                                            [DEBUG  ]  No samples found: macs2
[2019-06-02 14:04:38,325] multiqc                                            [DEBUG  ]  No samples found: theta2
[2019-06-02 14:04:38,328] multiqc                                            [DEBUG  ]  No samples found: snpeff
[2019-06-02 14:04:38,332] multiqc                                            [DEBUG  ]  No samples found: gatk
[2019-06-02 14:04:38,335] multiqc                                            [DEBUG  ]  No samples found: htseq
[2019-06-02 14:04:38,338] multiqc                                            [DEBUG  ]  No samples found: bcftools
[2019-06-02 14:04:38,341] multiqc                                            [DEBUG  ]  No samples found: featureCounts
[2019-06-02 14:04:38,343] multiqc                                            [DEBUG  ]  No samples found: dedup
[2019-06-02 14:04:38,346] multiqc                                            [DEBUG  ]  No samples found: damageprofiler
[2019-06-02 14:04:38,356] multiqc                                            [DEBUG  ]  No samples found: picard
[2019-06-02 14:04:38,359] multiqc                                            [DEBUG  ]  No samples found: prokka
[2019-06-02 14:04:38,362] multiqc                                            [DEBUG  ]  No samples found: samblaster
[2019-06-02 14:04:38,366] multiqc                                            [DEBUG  ]  No samples found: samtools
[2019-06-02 14:04:38,370] multiqc                                            [DEBUG  ]  No samples found: bamtools
[2019-06-02 14:04:38,373] multiqc                                            [DEBUG  ]  No samples found: jellyfish
[2019-06-02 14:04:38,377] multiqc                                            [DEBUG  ]  No samples found: vcftools
[2019-06-02 14:04:38,380] multiqc                                            [DEBUG  ]  No samples found: longranger
[2019-06-02 14:04:38,384] multiqc                                            [DEBUG  ]  No samples found: stacks
[2019-06-02 14:04:38,392] multiqc                                            [DEBUG  ]  No samples found: bbmap
[2019-06-02 14:04:38,394] multiqc                                            [DEBUG  ]  No samples found: bismark
[2019-06-02 14:04:38,398] multiqc                                            [DEBUG  ]  No samples found: biscuit
[2019-06-02 14:04:38,400] multiqc                                            [DEBUG  ]  No samples found: hicexplorer
[2019-06-02 14:04:38,403] multiqc                                            [DEBUG  ]  No samples found: hicup
[2019-06-02 14:04:38,406] multiqc                                            [DEBUG  ]  No samples found: hicpro
[2019-06-02 14:04:38,409] multiqc                                            [DEBUG  ]  No samples found: salmon
[2019-06-02 14:04:38,412] multiqc                                            [DEBUG  ]  No samples found: kallisto
[2019-06-02 14:04:38,415] multiqc                                            [DEBUG  ]  No samples found: slamdunk
[2019-06-02 14:04:38,417] multiqc                                            [DEBUG  ]  No samples found: star
[2019-06-02 14:04:38,420] multiqc                                            [DEBUG  ]  No samples found: hisat2
[2019-06-02 14:04:38,423] multiqc                                            [DEBUG  ]  No samples found: tophat
[2019-06-02 14:04:38,426] multiqc                                            [DEBUG  ]  No samples found: bowtie2
[2019-06-02 14:04:38,429] multiqc                                            [DEBUG  ]  No samples found: bowtie1
[2019-06-02 14:04:38,433] multiqc                                            [DEBUG  ]  No samples found: kat
[2019-06-02 14:04:38,436] multiqc                                            [DEBUG  ]  No samples found: leehom
[2019-06-02 14:04:38,439] multiqc                                            [DEBUG  ]  No samples found: adapterRemoval
[2019-06-02 14:04:38,441] multiqc                                            [DEBUG  ]  No samples found: clipandmerge
[2019-06-02 14:04:38,444] multiqc                                            [DEBUG  ]  No samples found: cutadapt
[2019-06-02 14:04:38,447] multiqc                                            [DEBUG  ]  No samples found: flexbar
[2019-06-02 14:04:38,450] multiqc                                            [DEBUG  ]  No samples found: trimmomatic
[2019-06-02 14:04:38,453] multiqc                                            [DEBUG  ]  No samples found: skewer
[2019-06-02 14:04:38,456] multiqc                                            [DEBUG  ]  No samples found: sortmerna
[2019-06-02 14:04:38,459] multiqc                                            [DEBUG  ]  No samples found: biobloomtools
[2019-06-02 14:04:38,462] multiqc                                            [DEBUG  ]  No samples found: fastq_screen
[2019-06-02 14:04:38,464] multiqc                                            [DEBUG  ]  No samples found: afterqc
[2019-06-02 14:04:38,467] multiqc                                            [DEBUG  ]  No samples found: fastp
[2019-06-02 14:04:38,470] multiqc                                            [DEBUG  ]  No samples found: fastqc
[2019-06-02 14:04:38,473] multiqc                                            [DEBUG  ]  No samples found: minionqc
[2019-06-02 14:04:38,476] multiqc                                            [DEBUG  ]  No samples found: clusterflow
[2019-06-02 14:04:38,479] multiqc                                            [DEBUG  ]  No samples found: bcl2fastq
[2019-06-02 14:04:38,482] multiqc                                            [DEBUG  ]  No samples found: interop
[2019-06-02 14:04:38,485] multiqc                                            [DEBUG  ]  No samples found: flash
[2019-06-02 14:04:38,509] multiqc                                            [INFO   ]  Compressing plot data
[2019-06-02 14:04:38,526] multiqc                                            [INFO   ]  Report      : multiqc_report.html
[2019-06-02 14:04:38,526] multiqc                                            [INFO   ]  Data        : multiqc_data
[2019-06-02 14:04:38,530] multiqc                                            [DEBUG  ]  Moving data file from '/tmp/tmp7bq2sw6l/multiqc_data/multiqc_data.json' to '/mnt/e/GDrive/cal-extras/schaffer_lab/RNASeq-Ephrin/results/QoRTs_results/multiqc_data'
[2019-06-02 14:04:38,539] multiqc                                            [DEBUG  ]  Moving data file from '/tmp/tmp7bq2sw6l/multiqc_data/multiqc_general_stats.txt' to '/mnt/e/GDrive/cal-extras/schaffer_lab/RNASeq-Ephrin/results/QoRTs_results/multiqc_data'
[2019-06-02 14:04:38,544] multiqc                                            [DEBUG  ]  Moving data file from '/tmp/tmp7bq2sw6l/multiqc_data/multiqc_qorts.txt' to '/mnt/e/GDrive/cal-extras/schaffer_lab/RNASeq-Ephrin/results/QoRTs_results/multiqc_data'
[2019-06-02 14:04:38,552] multiqc                                            [DEBUG  ]  Moving data file from '/tmp/tmp7bq2sw6l/multiqc_data/multiqc_sources.txt' to '/mnt/e/GDrive/cal-extras/schaffer_lab/RNASeq-Ephrin/results/QoRTs_results/multiqc_data'
[2019-06-02 14:04:39,325] multiqc                                            [INFO   ]  MultiQC complete
