[2019-04-08 09:35:24,366] multiqc                                            [DEBUG  ]  No MultiQC config found: C:\Users\ivale\AppData\Local\Programs\Python\Python37-32\lib\site-packages\multiqc_config.yaml
[2019-04-08 09:35:24,366] multiqc                                            [DEBUG  ]  No MultiQC config found: C:\Users\ivale/.multiqc_config.yaml
[2019-04-08 09:35:24,366] multiqc                                            [DEBUG  ]  No MultiQC config found: multiqc_config.yaml
[2019-04-08 09:35:24,366] multiqc                                            [DEBUG  ]  Command used: C:\Users\ivale\AppData\Local\Programs\Python\Python37-32\Scripts\multiqc .
[2019-04-08 09:35:25,430] multiqc                                            [DEBUG  ]  Latest MultiQC version is v1.7
[2019-04-08 09:35:25,439] multiqc                                            [INFO   ]  This is MultiQC v1.7
[2019-04-08 09:35:25,440] multiqc                                            [DEBUG  ]  Command     : C:\Users\ivale\AppData\Local\Programs\Python\Python37-32\Scripts\multiqc .
[2019-04-08 09:35:25,440] multiqc                                            [DEBUG  ]  Working dir : E:\GDrive\Cal Extras\schaffer_lab\RNA-Seq-Project\Data\RNAseq-miniproject\fastqc-reports
[2019-04-08 09:35:25,440] multiqc                                            [INFO   ]  Template    : default
[2019-04-08 09:35:25,440] multiqc                                            [INFO   ]  Searching '.'
[2019-04-08 09:35:25,440] multiqc                                            [DEBUG  ]  Analysing modules: custom_content, conpair, peddy, methylQA, phantompeakqualtools, qualimap, preseq, quast, qorts, rna_seqc, rsem, rseqc, busco, goleft_indexcov, disambiguate, supernova, deeptools, sargasso, verifybamid, mirtrace, happy, homer, macs2, theta2, snpeff, gatk, htseq, bcftools, featureCounts, dedup, damageprofiler, picard, prokka, samblaster, samtools, bamtools, jellyfish, vcftools, longranger, stacks, bbmap, bismark, biscuit, hicexplorer, hicup, hicpro, salmon, kallisto, slamdunk, star, hisat2, tophat, bowtie2, bowtie1, kat, leehom, adapterRemoval, clipandmerge, cutadapt, flexbar, trimmomatic, skewer, sortmerna, biobloomtools, fastq_screen, afterqc, fastp, fastqc, minionqc, clusterflow, bcl2fastq, interop, flash
[2019-04-08 09:35:25,441] multiqc                                            [DEBUG  ]  Using temporary directory for creating report: C:\Users\ivale\AppData\Local\Temp\tmpvq0it09f
[2019-04-08 09:35:25,508] multiqc                                            [DEBUG  ]  Ignoring file as matched an ignore pattern: Galaxy1-[DSCY001A_S16_L003_R1_001.fastq.gz]_fastqc.html
[2019-04-08 09:35:25,777] multiqc                                            [DEBUG  ]  Ignoring file as matched an ignore pattern: Galaxy10-[DSCY001E_S20_L003_R1_001.fastq.gz]_fastqc.html
[2019-04-08 09:35:25,777] multiqc                                            [DEBUG  ]  Ignoring file as matched an ignore pattern: Galaxy11-[DSCY001F_S21_L003_R1_001.fastq.gz]_fastqc.html
[2019-04-08 09:35:25,778] multiqc                                            [DEBUG  ]  Ignoring file as matched an ignore pattern: Galaxy12-[DSCY001G_S22_L003_R1_001.fastq.gz]_fastqc.html
[2019-04-08 09:35:25,778] multiqc                                            [DEBUG  ]  Ignoring file as matched an ignore pattern: Galaxy2-[DSCY001B_S17_L003_R1_001.fastq.gz]_fastqc.html
[2019-04-08 09:35:25,779] multiqc                                            [DEBUG  ]  Ignoring file as matched an ignore pattern: Galaxy3-[DSCY001C_S18_L003_R1_001.fastq.gz]_fastqc.html
[2019-04-08 09:35:25,779] multiqc                                            [DEBUG  ]  Ignoring file as matched an ignore pattern: Galaxy4-[DSCY001H_S23_L003_R1_001.fastq.gz]_fastqc.html
[2019-04-08 09:35:25,780] multiqc                                            [DEBUG  ]  Ignoring file as matched an ignore pattern: Galaxy5-[DSCY001I_S24_L003_R1_001.fastq.gz]_fastqc.html
[2019-04-08 09:35:25,780] multiqc                                            [DEBUG  ]  Ignoring file as matched an ignore pattern: Galaxy6-[DSCY001J_S25_L003_R1_001.fastq.gz]_fastqc.html
[2019-04-08 09:35:25,781] multiqc                                            [DEBUG  ]  Ignoring file as matched an ignore pattern: Galaxy7-[DSCY001K_S26_L003_R1_001.fastq.gz]_fastqc.html
[2019-04-08 09:35:25,781] multiqc                                            [DEBUG  ]  Ignoring file as matched an ignore pattern: Galaxy8-[DSCY001L_S27_L003_R1_001.fastq.gz]_fastqc.html
[2019-04-08 09:35:25,782] multiqc                                            [DEBUG  ]  Ignoring file as matched an ignore pattern: Galaxy9-[DSCY001D_S19_L003_R1_001.fastq.gz]_fastqc.html
[2019-04-08 09:35:25,967] multiqc                                            [DEBUG  ]  No samples found: custom_content
[2019-04-08 09:35:25,970] multiqc                                            [DEBUG  ]  No samples found: conpair
[2019-04-08 09:35:25,974] multiqc                                            [DEBUG  ]  No samples found: peddy
[2019-04-08 09:35:25,977] multiqc                                            [DEBUG  ]  No samples found: methylQA
[2019-04-08 09:35:25,980] multiqc                                            [DEBUG  ]  No samples found: phantompeakqualtools
[2019-04-08 09:35:25,984] multiqc                                            [DEBUG  ]  No samples found: qualimap
[2019-04-08 09:35:25,988] multiqc                                            [DEBUG  ]  No samples found: preseq
[2019-04-08 09:35:25,991] multiqc                                            [DEBUG  ]  No samples found: quast
[2019-04-08 09:35:25,994] multiqc                                            [DEBUG  ]  No samples found: qorts
[2019-04-08 09:35:25,998] multiqc                                            [DEBUG  ]  No samples found: rna_seqc
[2019-04-08 09:35:26,001] multiqc                                            [DEBUG  ]  No samples found: rsem
[2019-04-08 09:35:26,008] multiqc                                            [DEBUG  ]  No samples found: rseqc
[2019-04-08 09:35:26,011] multiqc                                            [DEBUG  ]  No samples found: busco
[2019-04-08 09:35:26,015] multiqc                                            [DEBUG  ]  No samples found: goleft_indexcov
[2019-04-08 09:35:26,018] multiqc                                            [DEBUG  ]  No samples found: disambiguate
[2019-04-08 09:35:26,021] multiqc                                            [DEBUG  ]  No samples found: supernova
[2019-04-08 09:35:26,029] multiqc                                            [DEBUG  ]  No samples found: deeptools
[2019-04-08 09:35:26,032] multiqc                                            [DEBUG  ]  No samples found: sargasso
[2019-04-08 09:35:26,036] multiqc                                            [DEBUG  ]  No samples found: verifybamid
[2019-04-08 09:35:26,054] multiqc                                            [DEBUG  ]  No samples found: mirtrace
[2019-04-08 09:35:26,057] multiqc                                            [DEBUG  ]  No samples found: happy
[2019-04-08 09:35:26,061] multiqc                                            [DEBUG  ]  No samples found: homer
[2019-04-08 09:35:26,064] multiqc                                            [DEBUG  ]  No samples found: macs2
[2019-04-08 09:35:26,068] multiqc                                            [DEBUG  ]  No samples found: theta2
[2019-04-08 09:35:26,071] multiqc                                            [DEBUG  ]  No samples found: snpeff
[2019-04-08 09:35:26,075] multiqc                                            [DEBUG  ]  No samples found: gatk
[2019-04-08 09:35:26,079] multiqc                                            [DEBUG  ]  No samples found: htseq
[2019-04-08 09:35:26,082] multiqc                                            [DEBUG  ]  No samples found: bcftools
[2019-04-08 09:35:26,086] multiqc                                            [DEBUG  ]  No samples found: featureCounts
[2019-04-08 09:35:26,089] multiqc                                            [DEBUG  ]  No samples found: dedup
[2019-04-08 09:35:26,092] multiqc                                            [DEBUG  ]  No samples found: damageprofiler
[2019-04-08 09:35:26,102] multiqc                                            [DEBUG  ]  No samples found: picard
[2019-04-08 09:35:26,105] multiqc                                            [DEBUG  ]  No samples found: prokka
[2019-04-08 09:35:26,108] multiqc                                            [DEBUG  ]  No samples found: samblaster
[2019-04-08 09:35:26,114] multiqc                                            [DEBUG  ]  No samples found: samtools
[2019-04-08 09:35:26,118] multiqc                                            [DEBUG  ]  No samples found: bamtools
[2019-04-08 09:35:26,121] multiqc                                            [DEBUG  ]  No samples found: jellyfish
[2019-04-08 09:35:26,126] multiqc                                            [DEBUG  ]  No samples found: vcftools
[2019-04-08 09:35:26,129] multiqc                                            [DEBUG  ]  No samples found: longranger
[2019-04-08 09:35:26,133] multiqc                                            [DEBUG  ]  No samples found: stacks
[2019-04-08 09:35:26,141] multiqc                                            [DEBUG  ]  No samples found: bbmap
[2019-04-08 09:35:26,144] multiqc                                            [DEBUG  ]  No samples found: bismark
[2019-04-08 09:35:26,148] multiqc                                            [DEBUG  ]  No samples found: biscuit
[2019-04-08 09:35:26,151] multiqc                                            [DEBUG  ]  No samples found: hicexplorer
[2019-04-08 09:35:26,154] multiqc                                            [DEBUG  ]  No samples found: hicup
[2019-04-08 09:35:26,158] multiqc                                            [DEBUG  ]  No samples found: hicpro
[2019-04-08 09:35:26,161] multiqc                                            [DEBUG  ]  No samples found: salmon
[2019-04-08 09:35:26,164] multiqc                                            [DEBUG  ]  No samples found: kallisto
[2019-04-08 09:35:26,168] multiqc                                            [DEBUG  ]  No samples found: slamdunk
[2019-04-08 09:35:26,171] multiqc                                            [DEBUG  ]  No samples found: star
[2019-04-08 09:35:26,174] multiqc                                            [DEBUG  ]  No samples found: hisat2
[2019-04-08 09:35:26,178] multiqc                                            [DEBUG  ]  No samples found: tophat
[2019-04-08 09:35:26,181] multiqc                                            [DEBUG  ]  No samples found: bowtie2
[2019-04-08 09:35:26,184] multiqc                                            [DEBUG  ]  No samples found: bowtie1
[2019-04-08 09:35:26,187] multiqc                                            [DEBUG  ]  No samples found: kat
[2019-04-08 09:35:26,190] multiqc                                            [DEBUG  ]  No samples found: leehom
[2019-04-08 09:35:26,194] multiqc                                            [DEBUG  ]  No samples found: adapterRemoval
[2019-04-08 09:35:26,197] multiqc                                            [DEBUG  ]  No samples found: clipandmerge
[2019-04-08 09:35:26,200] multiqc                                            [DEBUG  ]  No samples found: cutadapt
[2019-04-08 09:35:26,204] multiqc                                            [DEBUG  ]  No samples found: flexbar
[2019-04-08 09:35:26,207] multiqc                                            [DEBUG  ]  No samples found: trimmomatic
[2019-04-08 09:35:26,210] multiqc                                            [DEBUG  ]  No samples found: skewer
[2019-04-08 09:35:26,213] multiqc                                            [DEBUG  ]  No samples found: sortmerna
[2019-04-08 09:35:26,217] multiqc                                            [DEBUG  ]  No samples found: biobloomtools
[2019-04-08 09:35:26,220] multiqc                                            [DEBUG  ]  No samples found: fastq_screen
[2019-04-08 09:35:26,224] multiqc                                            [DEBUG  ]  No samples found: afterqc
[2019-04-08 09:35:26,228] multiqc                                            [DEBUG  ]  No samples found: fastp
[2019-04-08 09:35:27,335] multiqc.modules.fastqc.fastqc                      [INFO   ]  Found 12 reports
[2019-04-08 09:35:27,488] multiqc                                            [DEBUG  ]  No samples found: minionqc
[2019-04-08 09:35:27,492] multiqc                                            [DEBUG  ]  No samples found: clusterflow
[2019-04-08 09:35:27,495] multiqc                                            [DEBUG  ]  No samples found: bcl2fastq
[2019-04-08 09:35:27,499] multiqc                                            [DEBUG  ]  No samples found: interop
[2019-04-08 09:35:27,502] multiqc                                            [DEBUG  ]  No samples found: flash
[2019-04-08 09:35:27,534] multiqc                                            [INFO   ]  Compressing plot data
[2019-04-08 09:35:27,759] multiqc                                            [INFO   ]  Report      : multiqc_report.html
[2019-04-08 09:35:27,760] multiqc                                            [INFO   ]  Data        : multiqc_data
[2019-04-08 09:35:27,891] multiqc                                            [DEBUG  ]  Moving data file from 'C:\Users\ivale\AppData\Local\Temp\tmpvq0it09f\multiqc_data\multiqc_data.json' to 'E:\GDrive\Cal Extras\schaffer_lab\RNA-Seq-Project\Data\RNAseq-miniproject\fastqc-reports\multiqc_data'
[2019-04-08 09:35:27,900] multiqc                                            [DEBUG  ]  Moving data file from 'C:\Users\ivale\AppData\Local\Temp\tmpvq0it09f\multiqc_data\multiqc_fastqc.txt' to 'E:\GDrive\Cal Extras\schaffer_lab\RNA-Seq-Project\Data\RNAseq-miniproject\fastqc-reports\multiqc_data'
[2019-04-08 09:35:27,903] multiqc                                            [DEBUG  ]  Moving data file from 'C:\Users\ivale\AppData\Local\Temp\tmpvq0it09f\multiqc_data\multiqc_general_stats.txt' to 'E:\GDrive\Cal Extras\schaffer_lab\RNA-Seq-Project\Data\RNAseq-miniproject\fastqc-reports\multiqc_data'
[2019-04-08 09:35:27,907] multiqc                                            [DEBUG  ]  Moving data file from 'C:\Users\ivale\AppData\Local\Temp\tmpvq0it09f\multiqc_data\multiqc_sources.txt' to 'E:\GDrive\Cal Extras\schaffer_lab\RNA-Seq-Project\Data\RNAseq-miniproject\fastqc-reports\multiqc_data'
[2019-04-08 09:35:28,700] multiqc                                            [INFO   ]  MultiQC complete
